<?xml version="1.0" encoding="UTF-8"?>
<testng-results ignored="0" total="1" passed="1" failed="0" skipped="0">
  <reporter-output>
  </reporter-output>
  <suite started-at="2024-10-02T11:53:34 BDT" name="Default suite" finished-at="2024-10-02T11:55:05 BDT" duration-ms="91060">
    <groups>
    </groups>
    <test started-at="2024-10-02T11:53:34 BDT" name="Default test" finished-at="2024-10-02T11:55:05 BDT" duration-ms="91060">
      <class name="QA_Brain_Security.ActiveScan">
        <test-method is-config="true" signature="setUp()[pri:0, instance:QA_Brain_Security.ActiveScan@5c33f1a9]" started-at="2024-10-02T11:53:34 BDT" name="setUp" finished-at="2024-10-02T11:53:40 BDT" duration-ms="5608" status="PASS">
          <reporter-output>
          </reporter-output>
        </test-method> <!-- setUp -->
        <test-method signature="testActiveScan()[pri:0, instance:QA_Brain_Security.ActiveScan@5c33f1a9]" started-at="2024-10-02T11:53:40 BDT" name="testActiveScan" finished-at="2024-10-02T11:54:54 BDT" duration-ms="73954" status="PASS">
          <reporter-output>
          </reporter-output>
        </test-method> <!-- testActiveScan -->
        <test-method is-config="true" signature="tearDown(java.lang.reflect.Method)[pri:0, instance:QA_Brain_Security.ActiveScan@5c33f1a9]" started-at="2024-10-02T11:54:54 BDT" name="tearDown" finished-at="2024-10-02T11:55:05 BDT" duration-ms="11442" status="PASS">
          <params>
            <param index="0">
              <value>
                <![CDATA[public void QA_Brain_Security.ActiveScan.testActiveScan() throws org.zaproxy.clientapi.core.ClientApiException]]>
              </value>
            </param>
          </params>
          <reporter-output>
          </reporter-output>
        </test-method> <!-- tearDown -->
      </class> <!-- QA_Brain_Security.ActiveScan -->
    </test> <!-- Default test -->
  </suite> <!-- Default suite -->
</testng-results>
